build/app/intermediates/manifest_merge_blame_file/debug/manifest-merger-blame-debug-report.txt
1<?xml version="1.0" encoding="utf-8"?>
2<manifest xmlns:android="http://schemas.android.com/apk/res/android"
3    package="com.example.vegi"
4    android:versionCode="1"
5    android:versionName="1.0.0" >
6
7    <uses-sdk
8        android:minSdkVersion="21"
9        android:targetSdkVersion="30" />
10    <!--
11         The INTERNET permission is required for development. Specifically,
12         the Flutter tool needs it to communicate with the running application
13         to allow setting breakpoints, to provide hot reload, etc.
14    -->
15    <uses-permission android:name="android.permission.INTERNET" />
15-->src\debug\AndroidManifest.xml:7:5-66
15-->src\debug\AndroidManifest.xml:7:22-64
16    <uses-permission android:name="android.permission.ACCESS_COARSE_LOCATION" />
16-->[:location] AndroidManifest.xml:9:5-81
16-->[:location] AndroidManifest.xml:9:22-78
17    <uses-permission android:name="android.permission.ACCESS_FINE_LOCATION" />
17-->[:location] AndroidManifest.xml:10:5-79
17-->[:location] AndroidManifest.xml:10:22-76
18    <uses-permission android:name="android.permission.ACCESS_NETWORK_STATE" />
18-->[com.google.firebase:firebase-auth:21.1.0] AndroidManifest.xml:24:5-79
18-->[com.google.firebase:firebase-auth:21.1.0] AndroidManifest.xml:24:22-76
19
20    <uses-feature
20-->[com.google.android.gms:play-services-maps:18.1.0] AndroidManifest.xml:26:5-28:35
21        android:glEsVersion="0x00020000"
21-->[com.google.android.gms:play-services-maps:18.1.0] AndroidManifest.xml:27:9-41
22        android:required="true" />
22-->[com.google.android.gms:play-services-maps:18.1.0] AndroidManifest.xml:28:9-32
23
24    <queries>
24-->[com.google.android.gms:play-services-maps:18.1.0] AndroidManifest.xml:30:5-34:15
25
26        <!-- Needs to be explicitly declared on Android R+ -->
27        <package android:name="com.google.android.apps.maps" />
27-->[com.google.android.gms:play-services-maps:18.1.0] AndroidManifest.xml:33:9-64
27-->[com.google.android.gms:play-services-maps:18.1.0] AndroidManifest.xml:33:18-61
28    </queries>
29
30    <application
31        android:name="android.app.Application"
32        android:appComponentFactory="androidx.core.app.CoreComponentFactory"
32-->[androidx.core:core:1.6.0] AndroidManifest.xml:24:18-86
33        android:debuggable="true"
34        android:icon="@mipmap/ic_launcher"
35        android:label="vegi" >
36        <activity
37            android:name="com.example.vegi.MainActivity"
38            android:configChanges="orientation|keyboardHidden|keyboard|screenSize|smallestScreenSize|locale|layoutDirection|fontScale|screenLayout|density|uiMode"
39            android:exported="true"
40            android:hardwareAccelerated="true"
41            android:launchMode="singleTop"
42            android:theme="@style/LaunchTheme"
43            android:windowSoftInputMode="adjustResize" >
44
45            <!--
46                 Specifies an Android theme to apply to this Activity as soon as
47                 the Android process has started. This theme is visible to the user
48                 while the Flutter UI initializes. After that, this theme continues
49                 to determine the Window background behind the Flutter UI.
50            -->
51            <meta-data
52                android:name="io.flutter.embedding.android.NormalTheme"
53                android:resource="@style/NormalTheme" />
54
55            <intent-filter>
56                <action android:name="android.intent.action.MAIN" />
57
58                <category android:name="android.intent.category.LAUNCHER" />
59            </intent-filter>
60        </activity>
61        <!--
62             Don't delete the meta-data below.
63             This is used by the Flutter tool to generate GeneratedPluginRegistrant.java
64        -->
65        <meta-data
66            android:name="flutterEmbedding"
67            android:value="2" />
68
69        <service
69-->[:firebase_auth] AndroidManifest.xml:10:9-14:19
70            android:name="com.google.firebase.components.ComponentDiscoveryService"
70-->[:firebase_auth] AndroidManifest.xml:10:18-89
71            android:directBootAware="true"
71-->[com.google.firebase:firebase-common:20.2.0] AndroidManifest.xml:34:13-43
72            android:exported="false" >
72-->[com.google.firebase:firebase-auth:21.1.0] AndroidManifest.xml:66:13-37
73            <meta-data
73-->[:firebase_auth] AndroidManifest.xml:11:13-13:85
74                android:name="com.google.firebase.components:io.flutter.plugins.firebase.auth.FlutterFirebaseAuthRegistrar"
74-->[:firebase_auth] AndroidManifest.xml:12:17-124
75                android:value="com.google.firebase.components.ComponentRegistrar" />
75-->[:firebase_auth] AndroidManifest.xml:13:17-82
76            <meta-data
76-->[:cloud_firestore] AndroidManifest.xml:11:13-13:85
77                android:name="com.google.firebase.components:io.flutter.plugins.firebase.firestore.FlutterFirebaseFirestoreRegistrar"
77-->[:cloud_firestore] AndroidManifest.xml:12:17-134
78                android:value="com.google.firebase.components.ComponentRegistrar" />
78-->[:cloud_firestore] AndroidManifest.xml:13:17-82
79            <meta-data
79-->[:firebase_core] AndroidManifest.xml:11:13-13:85
80                android:name="com.google.firebase.components:io.flutter.plugins.firebase.core.FlutterFirebaseCoreRegistrar"
80-->[:firebase_core] AndroidManifest.xml:12:17-124
81                android:value="com.google.firebase.components.ComponentRegistrar" />
81-->[:firebase_core] AndroidManifest.xml:13:17-82
82            <meta-data
82-->[com.google.firebase:firebase-auth:21.1.0] AndroidManifest.xml:67:13-69:85
83                android:name="com.google.firebase.components:com.google.firebase.auth.FirebaseAuthRegistrar"
83-->[com.google.firebase:firebase-auth:21.1.0] AndroidManifest.xml:68:17-109
84                android:value="com.google.firebase.components.ComponentRegistrar" />
84-->[com.google.firebase:firebase-auth:21.1.0] AndroidManifest.xml:69:17-82
85            <meta-data
85-->[com.google.firebase:firebase-firestore:24.4.0] AndroidManifest.xml:19:13-21:85
86                android:name="com.google.firebase.components:com.google.firebase.firestore.FirestoreRegistrar"
86-->[com.google.firebase:firebase-firestore:24.4.0] AndroidManifest.xml:20:17-111
87                android:value="com.google.firebase.components.ComponentRegistrar" />
87-->[com.google.firebase:firebase-firestore:24.4.0] AndroidManifest.xml:21:17-82
88        </service>
89
90        <meta-data
90-->[:pay_android] AndroidManifest.xml:14:9-16:36
91            android:name="com.google.android.gms.wallet.api.enabled"
91-->[:pay_android] AndroidManifest.xml:15:13-69
92            android:value="true" />
92-->[:pay_android] AndroidManifest.xml:16:13-33
93
94        <service
94-->[:location] AndroidManifest.xml:13:9-17:56
95            android:name="com.lyokone.location.FlutterLocationService"
95-->[:location] AndroidManifest.xml:14:13-71
96            android:enabled="true"
96-->[:location] AndroidManifest.xml:15:13-35
97            android:exported="false"
97-->[:location] AndroidManifest.xml:16:13-37
98            android:foregroundServiceType="location" />
98-->[:location] AndroidManifest.xml:17:13-53
99
100        <uses-library
100-->[androidx.window:window:1.0.0-beta04] AndroidManifest.xml:25:9-27:40
101            android:name="androidx.window.extensions"
101-->[androidx.window:window:1.0.0-beta04] AndroidManifest.xml:26:13-54
102            android:required="false" />
102-->[androidx.window:window:1.0.0-beta04] AndroidManifest.xml:27:13-37
103        <uses-library
103-->[androidx.window:window:1.0.0-beta04] AndroidManifest.xml:28:9-30:40
104            android:name="androidx.window.sidecar"
104-->[androidx.window:window:1.0.0-beta04] AndroidManifest.xml:29:13-51
105            android:required="false" />
105-->[androidx.window:window:1.0.0-beta04] AndroidManifest.xml:30:13-37
106
107        <activity
107-->[com.google.firebase:firebase-auth:21.1.0] AndroidManifest.xml:27:9-44:20
108            android:name="com.google.firebase.auth.internal.GenericIdpActivity"
108-->[com.google.firebase:firebase-auth:21.1.0] AndroidManifest.xml:28:13-80
109            android:excludeFromRecents="true"
109-->[com.google.firebase:firebase-auth:21.1.0] AndroidManifest.xml:29:13-46
110            android:exported="true"
110-->[com.google.firebase:firebase-auth:21.1.0] AndroidManifest.xml:30:13-36
111            android:launchMode="singleTask"
111-->[com.google.firebase:firebase-auth:21.1.0] AndroidManifest.xml:31:13-44
112            android:theme="@android:style/Theme.Translucent.NoTitleBar" >
112-->[com.google.firebase:firebase-auth:21.1.0] AndroidManifest.xml:32:13-72
113            <intent-filter>
113-->[com.google.firebase:firebase-auth:21.1.0] AndroidManifest.xml:33:13-43:29
114                <action android:name="android.intent.action.VIEW" />
114-->[com.google.firebase:firebase-auth:21.1.0] AndroidManifest.xml:34:17-69
114-->[com.google.firebase:firebase-auth:21.1.0] AndroidManifest.xml:34:25-66
115
116                <category android:name="android.intent.category.DEFAULT" />
116-->[com.google.firebase:firebase-auth:21.1.0] AndroidManifest.xml:36:17-76
116-->[com.google.firebase:firebase-auth:21.1.0] AndroidManifest.xml:36:27-73
117                <category android:name="android.intent.category.BROWSABLE" />
117-->[com.google.firebase:firebase-auth:21.1.0] AndroidManifest.xml:37:17-78
117-->[com.google.firebase:firebase-auth:21.1.0] AndroidManifest.xml:37:27-75
118
119                <data
119-->[com.google.firebase:firebase-auth:21.1.0] AndroidManifest.xml:39:17-42:51
120                    android:host="firebase.auth"
120-->[com.google.firebase:firebase-auth:21.1.0] AndroidManifest.xml:40:21-49
121                    android:path="/"
121-->[com.google.firebase:firebase-auth:21.1.0] AndroidManifest.xml:41:21-37
122                    android:scheme="genericidp" />
122-->[com.google.firebase:firebase-auth:21.1.0] AndroidManifest.xml:42:21-48
123            </intent-filter>
124        </activity>
125        <activity
125-->[com.google.firebase:firebase-auth:21.1.0] AndroidManifest.xml:45:9-62:20
126            android:name="com.google.firebase.auth.internal.RecaptchaActivity"
126-->[com.google.firebase:firebase-auth:21.1.0] AndroidManifest.xml:46:13-79
127            android:excludeFromRecents="true"
127-->[com.google.firebase:firebase-auth:21.1.0] AndroidManifest.xml:47:13-46
128            android:exported="true"
128-->[com.google.firebase:firebase-auth:21.1.0] AndroidManifest.xml:48:13-36
129            android:launchMode="singleTask"
129-->[com.google.firebase:firebase-auth:21.1.0] AndroidManifest.xml:49:13-44
130            android:theme="@android:style/Theme.Translucent.NoTitleBar" >
130-->[com.google.firebase:firebase-auth:21.1.0] AndroidManifest.xml:50:13-72
131            <intent-filter>
131-->[com.google.firebase:firebase-auth:21.1.0] AndroidManifest.xml:51:13-61:29
132                <action android:name="android.intent.action.VIEW" />
132-->[com.google.firebase:firebase-auth:21.1.0] AndroidManifest.xml:34:17-69
132-->[com.google.firebase:firebase-auth:21.1.0] AndroidManifest.xml:34:25-66
133
134                <category android:name="android.intent.category.DEFAULT" />
134-->[com.google.firebase:firebase-auth:21.1.0] AndroidManifest.xml:36:17-76
134-->[com.google.firebase:firebase-auth:21.1.0] AndroidManifest.xml:36:27-73
135                <category android:name="android.intent.category.BROWSABLE" />
135-->[com.google.firebase:firebase-auth:21.1.0] AndroidManifest.xml:37:17-78
135-->[com.google.firebase:firebase-auth:21.1.0] AndroidManifest.xml:37:27-75
136
137                <data
137-->[com.google.firebase:firebase-auth:21.1.0] AndroidManifest.xml:39:17-42:51
138                    android:host="firebase.auth"
138-->[com.google.firebase:firebase-auth:21.1.0] AndroidManifest.xml:40:21-49
139                    android:path="/"
139-->[com.google.firebase:firebase-auth:21.1.0] AndroidManifest.xml:41:21-37
140                    android:scheme="recaptcha" />
140-->[com.google.firebase:firebase-auth:21.1.0] AndroidManifest.xml:42:21-48
141            </intent-filter>
142        </activity>
143
144        <provider
144-->[com.google.firebase:firebase-common:20.2.0] AndroidManifest.xml:25:9-30:39
145            android:name="com.google.firebase.provider.FirebaseInitProvider"
145-->[com.google.firebase:firebase-common:20.2.0] AndroidManifest.xml:26:13-77
146            android:authorities="com.example.vegi.firebaseinitprovider"
146-->[com.google.firebase:firebase-common:20.2.0] AndroidManifest.xml:27:13-72
147            android:directBootAware="true"
147-->[com.google.firebase:firebase-common:20.2.0] AndroidManifest.xml:28:13-43
148            android:exported="false"
148-->[com.google.firebase:firebase-common:20.2.0] AndroidManifest.xml:29:13-37
149            android:initOrder="100" /> <!-- Needs to be explicitly declared on P+ -->
149-->[com.google.firebase:firebase-common:20.2.0] AndroidManifest.xml:30:13-36
150        <uses-library
150-->[com.google.android.gms:play-services-maps:18.1.0] AndroidManifest.xml:39:9-41:40
151            android:name="org.apache.http.legacy"
151-->[com.google.android.gms:play-services-maps:18.1.0] AndroidManifest.xml:40:13-50
152            android:required="false" />
152-->[com.google.android.gms:play-services-maps:18.1.0] AndroidManifest.xml:41:13-37
153
154        <activity
154-->[com.google.android.gms:play-services-auth:20.0.1] AndroidManifest.xml:23:9-27:75
155            android:name="com.google.android.gms.auth.api.signin.internal.SignInHubActivity"
155-->[com.google.android.gms:play-services-auth:20.0.1] AndroidManifest.xml:24:13-93
156            android:excludeFromRecents="true"
156-->[com.google.android.gms:play-services-auth:20.0.1] AndroidManifest.xml:25:13-46
157            android:exported="false"
157-->[com.google.android.gms:play-services-auth:20.0.1] AndroidManifest.xml:26:13-37
158            android:theme="@android:style/Theme.Translucent.NoTitleBar" />
158-->[com.google.android.gms:play-services-auth:20.0.1] AndroidManifest.xml:27:13-72
159        <!--
160            Service handling Google Sign-In user revocation. For apps that do not integrate with
161            Google Sign-In, this service will never be started.
162        -->
163        <service
163-->[com.google.android.gms:play-services-auth:20.0.1] AndroidManifest.xml:33:9-37:51
164            android:name="com.google.android.gms.auth.api.signin.RevocationBoundService"
164-->[com.google.android.gms:play-services-auth:20.0.1] AndroidManifest.xml:34:13-89
165            android:exported="true"
165-->[com.google.android.gms:play-services-auth:20.0.1] AndroidManifest.xml:35:13-36
166            android:permission="com.google.android.gms.auth.api.signin.permission.REVOCATION_NOTIFICATION"
166-->[com.google.android.gms:play-services-auth:20.0.1] AndroidManifest.xml:36:13-107
167            android:visibleToInstantApps="true" />
167-->[com.google.android.gms:play-services-auth:20.0.1] AndroidManifest.xml:37:13-48
168
169        <activity
169-->[com.google.android.gms:play-services-base:18.0.1] AndroidManifest.xml:20:9-22:45
170            android:name="com.google.android.gms.common.api.GoogleApiActivity"
170-->[com.google.android.gms:play-services-base:18.0.1] AndroidManifest.xml:20:19-85
171            android:exported="false"
171-->[com.google.android.gms:play-services-base:18.0.1] AndroidManifest.xml:22:19-43
172            android:theme="@android:style/Theme.Translucent.NoTitleBar" />
172-->[com.google.android.gms:play-services-base:18.0.1] AndroidManifest.xml:21:19-78
173
174        <meta-data
174-->[com.google.android.gms:play-services-basement:18.1.0] AndroidManifest.xml:21:9-23:69
175            android:name="com.google.android.gms.version"
175-->[com.google.android.gms:play-services-basement:18.1.0] AndroidManifest.xml:22:13-58
176            android:value="@integer/google_play_services_version" />
176-->[com.google.android.gms:play-services-basement:18.1.0] AndroidManifest.xml:23:13-66
177    </application>
178
179</manifest>